<?xml version="1.0" encoding="UTF-8"?>
<!-- Generated by org.testng.reporters.JUnitReportReporter -->
<testsuite hostname="ILAKKUVAN" failures="0" tests="2" name="com.task.TestNGexample" time="2.503" errors="0" timestamp="11 Jun 2021 10:02:13 GMT" skipped="0">
  <testcase classname="com.task.TestNGexample" name="click" time="0.313"/>
  <testcase classname="com.task.TestNGexample" name="login" time="2.190"/>
</testsuite> <!-- com.task.TestNGexample -->
